Lossless Audio Checker 1.9.1 logfile from Monday 28 May 2018 01:01:42 PM

File:   C:\Users\Freak\Desktop\New folder\Chvrches - 2018 - Love Is Dead (HDtracks) [FLAC@44.1khz24bit]\01. Graffiti.flac
Result: LOSSLESS

File:   C:\Users\Freak\Desktop\New folder\Chvrches - 2018 - Love Is Dead (HDtracks) [FLAC@44.1khz24bit]\02. Get Out.flac
Result: LOSSLESS

File:   C:\Users\Freak\Desktop\New folder\Chvrches - 2018 - Love Is Dead (HDtracks) [FLAC@44.1khz24bit]\03. Deliverance.flac
Result: LOSSLESS

File:   C:\Users\Freak\Desktop\New folder\Chvrches - 2018 - Love Is Dead (HDtracks) [FLAC@44.1khz24bit]\04. My Enemy.flac
Result: LOSSLESS

File:   C:\Users\Freak\Desktop\New folder\Chvrches - 2018 - Love Is Dead (HDtracks) [FLAC@44.1khz24bit]\05. Forever.flac
Result: LOSSLESS

File:   C:\Users\Freak\Desktop\New folder\Chvrches - 2018 - Love Is Dead (HDtracks) [FLAC@44.1khz24bit]\06. Never Say Die.flac
Result: LOSSLESS

File:   C:\Users\Freak\Desktop\New folder\Chvrches - 2018 - Love Is Dead (HDtracks) [FLAC@44.1khz24bit]\07. Miracle.flac
Result: LOSSLESS

File:   C:\Users\Freak\Desktop\New folder\Chvrches - 2018 - Love Is Dead (HDtracks) [FLAC@44.1khz24bit]\08. Graves.flac
Result: LOSSLESS

File:   C:\Users\Freak\Desktop\New folder\Chvrches - 2018 - Love Is Dead (HDtracks) [FLAC@44.1khz24bit]\09. Heaven,Hell.flac
Result: LOSSLESS

File:   C:\Users\Freak\Desktop\New folder\Chvrches - 2018 - Love Is Dead (HDtracks) [FLAC@44.1khz24bit]\10. God's Plan.flac
Result: LOSSLESS

File:   C:\Users\Freak\Desktop\New folder\Chvrches - 2018 - Love Is Dead (HDtracks) [FLAC@44.1khz24bit]\11. Really Gone.flac
Result: LOSSLESS

File:   C:\Users\Freak\Desktop\New folder\Chvrches - 2018 - Love Is Dead (HDtracks) [FLAC@44.1khz24bit]\12. ii.flac
Result: LOSSLESS

File:   C:\Users\Freak\Desktop\New folder\Chvrches - 2018 - Love Is Dead (HDtracks) [FLAC@44.1khz24bit]\13. Wonderland.flac
Result: LOSSLESS

Files checked: 13 | Lossless: 13 | Cutoff: 0 | Error: 0 | Elapsed time: 00:00:11.672